<?xml version="1.0" encoding="UTF-8"?>
<!-- Generated by org.testng.reporters.JUnitXMLReporter -->
<testsuite hostname="DESKTOP-BGMB1MA" ignored="2" name="Test1" tests="3" failures="0" timestamp="2021-12-04T13:47:29 IST" time="62.375" errors="0">
  <testcase name="readExcelData" time="2.444" classname="com.ubsdemo.testcases.HomePageTest"/>
  <testcase name="readExcelData" time="2.929" classname="com.ubsdemo.testcases.HomePageTest"/>
  <testcase name="readExcelData" time="2.452" classname="com.ubsdemo.testcases.HomePageTest"/>
  <testcase name="homeButtonTest" time="0.0" classname="com.ubsdemo.testcases.HomePageTest">
    <ignored/>
  </testcase> <!-- homeButtonTest -->
  <testcase name="tutorialsButtonTest" time="0.0" classname="com.ubsdemo.testcases.HomePageTest">
    <ignored/>
  </testcase> <!-- tutorialsButtonTest -->
</testsuite> <!-- Test1 -->
